<?xml version="1.0" encoding="UTF-8"?>
<!-- Generated by org.testng.reporters.JUnitReportReporter -->
<testsuite skipped="0" hostname="lenovo" name="TestCases.functionalTests" tests="24" failures="0" timestamp="14 Apr 2020 12:56:09 GMT" time="188.934" errors="0">
  <testcase name="test_Home_Page_Appear_Correct" time="80.242" classname="TestCases.functionalTests"/>
  <testcase name="test_Home_Page_Appear_Correct" time="53.841" classname="TestCases.functionalTests"/>
  <testcase name="test_Alert_Tab_VerificationEnglish" time="0.358" classname="TestCases.functionalTests"/>
  <testcase name="test_Alert_Tab_VerificationEnglish" time="0.240" classname="TestCases.functionalTests"/>
  <testcase name="test_Tests_Tab_VerificationEnglish" time="0.225" classname="TestCases.functionalTests"/>
  <testcase name="test_Tests_Tab_VerificationEnglish" time="0.364" classname="TestCases.functionalTests"/>
  <testcase name="test_Variables_Tab_VerificationEnglish" time="0.316" classname="TestCases.functionalTests"/>
  <testcase name="test_Variables_Tab_VerificationEnglish" time="0.236" classname="TestCases.functionalTests"/>
  <testcase name="test_Notifications_Tab_VerificationEnglish" time="1.321" classname="TestCases.functionalTests"/>
  <testcase name="test_Notifications_Tab_VerificationEnglish" time="1.236" classname="TestCases.functionalTests"/>
  <testcase name="test_Client_Verification" time="3.220" classname="TestCases.functionalTests"/>
  <testcase name="test_Client_Verification" time="1.971" classname="TestCases.functionalTests"/>
  <testcase name="test_change_language_Japanese" time="10.049" classname="TestCases.functionalTests"/>
  <testcase name="test_change_language_Japanese" time="10.029" classname="TestCases.functionalTests"/>
  <testcase name="test_Notifications_Tab_VerificationJapanese" time="1.285" classname="TestCases.functionalTests"/>
  <testcase name="test_Notifications_Tab_VerificationJapanese" time="1.277" classname="TestCases.functionalTests"/>
  <testcase name="test_Alert_Tab_VerificationJapanese" time="0.265" classname="TestCases.functionalTests"/>
  <testcase name="test_Alert_Tab_VerificationJapanese" time="0.155" classname="TestCases.functionalTests"/>
  <testcase name="test_Tests_Tab_VerificationJapanese" time="0.196" classname="TestCases.functionalTests"/>
  <testcase name="test_Tests_Tab_VerificationJapanese" time="0.315" classname="TestCases.functionalTests"/>
  <testcase name="test_Variables_Tab_VerificationJapanese" time="0.132" classname="TestCases.functionalTests"/>
  <testcase name="test_Variables_Tab_VerificationJapanese" time="0.276" classname="TestCases.functionalTests"/>
  <testcase name="test_change_language_English" time="10.719" classname="TestCases.functionalTests"/>
  <testcase name="test_change_language_English" time="10.666" classname="TestCases.functionalTests"/>
</testsuite> <!-- TestCases.functionalTests -->
