<?xml version="1.0" encoding="UTF-8"?>
<!-- Generated by org.testng.reporters.JUnitReportReporter -->
<testsuite skipped="0" hostname="lenovo" name="TestCases.functionalTests" tests="24" failures="0" timestamp="14 Apr 2020 16:58:39 GMT" time="207.642" errors="0">
  <testcase name="test_Home_Page_Appear_Correct" time="76.789" classname="TestCases.functionalTests"/>
  <testcase name="test_Home_Page_Appear_Correct" time="76.200" classname="TestCases.functionalTests"/>
  <testcase name="test_Alert_Tab_VerificationEnglish" time="0.195" classname="TestCases.functionalTests"/>
  <testcase name="test_Alert_Tab_VerificationEnglish" time="0.209" classname="TestCases.functionalTests"/>
  <testcase name="test_Tests_Tab_VerificationEnglish" time="0.253" classname="TestCases.functionalTests"/>
  <testcase name="test_Tests_Tab_VerificationEnglish" time="0.287" classname="TestCases.functionalTests"/>
  <testcase name="test_Variables_Tab_VerificationEnglish" time="0.224" classname="TestCases.functionalTests"/>
  <testcase name="test_Variables_Tab_VerificationEnglish" time="0.247" classname="TestCases.functionalTests"/>
  <testcase name="test_Notifications_Tab_VerificationEnglish" time="1.339" classname="TestCases.functionalTests"/>
  <testcase name="test_Notifications_Tab_VerificationEnglish" time="1.220" classname="TestCases.functionalTests"/>
  <testcase name="test_Client_Verification" time="2.670" classname="TestCases.functionalTests"/>
  <testcase name="test_Client_Verification" time="2.705" classname="TestCases.functionalTests"/>
  <testcase name="test_change_language_Japanese" time="10.073" classname="TestCases.functionalTests"/>
  <testcase name="test_change_language_Japanese" time="10.017" classname="TestCases.functionalTests"/>
  <testcase name="test_Notifications_Tab_VerificationJapanese" time="1.189" classname="TestCases.functionalTests"/>
  <testcase name="test_Notifications_Tab_VerificationJapanese" time="1.324" classname="TestCases.functionalTests"/>
  <testcase name="test_Alert_Tab_VerificationJapanese" time="0.251" classname="TestCases.functionalTests"/>
  <testcase name="test_Alert_Tab_VerificationJapanese" time="0.261" classname="TestCases.functionalTests"/>
  <testcase name="test_Tests_Tab_VerificationJapanese" time="0.295" classname="TestCases.functionalTests"/>
  <testcase name="test_Tests_Tab_VerificationJapanese" time="0.201" classname="TestCases.functionalTests"/>
  <testcase name="test_Variables_Tab_VerificationJapanese" time="0.261" classname="TestCases.functionalTests"/>
  <testcase name="test_Variables_Tab_VerificationJapanese" time="0.161" classname="TestCases.functionalTests"/>
  <testcase name="test_change_language_English" time="10.684" classname="TestCases.functionalTests"/>
  <testcase name="test_change_language_English" time="10.587" classname="TestCases.functionalTests"/>
</testsuite> <!-- TestCases.functionalTests -->
